# JRE version: OpenJDK Runtime Environment (11.0.2+9) (build 11.0.2+9)
# Java VM: OpenJDK 64-Bit Server VM (11.0.2+9, mixed mode, tiered, compressed oops, g1 gc, windows-amd64)
Heap:
 garbage-first heap   total 307200K, used 137390K [0x0000000740000000, 0x0000000800000000)
  region size 1024K, 8 young (8192K), 2 survivors (2048K)
 Metaspace       used 104762K, capacity 106719K, committed 109312K, reserved 1142784K
  class space    used 14086K, capacity 14897K, committed 15872K, reserved 1048576K
GC Heap History (10 events):
Event: 8713.402 GC heap before
{Heap before GC invocations=1959 (full 1220):
 garbage-first heap   total 307200K, used 132668K [0x0000000740000000, 0x0000000800000000)
  region size 1024K, 4 young (4096K), 2 survivors (2048K)
 Metaspace       used 104723K, capacity 106627K, committed 109312K, reserved 1142784K
  class space    used 14084K, capacity 14895K, committed 15872K, reserved 1048576K
}
Event: 8713.404 GC heap after
{Heap after GC invocations=1960 (full 1220):
 garbage-first heap   total 307200K, used 131194K [0x0000000740000000, 0x0000000800000000)
  region size 1024K, 1 young (1024K), 1 survivors (1024K)
 Metaspace       used 104723K, capacity 106627K, committed 109312K, reserved 1142784K
  class space    used 14084K, capacity 14895K, committed 15872K, reserved 1048576K
}
Event: 8714.655 GC heap before
{Heap before GC invocations=1960 (full 1220):
 garbage-first heap   total 307200K, used 194682K [0x0000000740000000, 0x0000000800000000)
  region size 1024K, 60 young (61440K), 1 survivors (1024K)
 Metaspace       used 104723K, capacity 106627K, committed 109312K, reserved 1142784K
  class space    used 14084K, capacity 14895K, committed 15872K, reserved 1048576K
}
Event: 8714.657 GC heap after
{Heap after GC invocations=1961 (full 1220):
 garbage-first heap   total 307200K, used 134424K [0x0000000740000000, 0x0000000800000000)
  region size 1024K, 2 young (2048K), 2 survivors (2048K)
 Metaspace       used 104723K, capacity 106627K, committed 109312K, reserved 1142784K
  class space    used 14084K, capacity 14895K, committed 15872K, reserved 1048576K
}
Event: 8733.574 GC heap before
{Heap before GC invocations=1961 (full 1220):
 garbage-first heap   total 307200K, used 193816K [0x0000000740000000, 0x0000000800000000)
  region size 1024K, 60 young (61440K), 2 survivors (2048K)
 Metaspace       used 104737K, capacity 106701K, committed 109312K, reserved 1142784K
  class space    used 14084K, capacity 14895K, committed 15872K, reserved 1048576K
}
Event: 8733.576 GC heap after
{Heap after GC invocations=1962 (full 1220):
 garbage-first heap   total 307200K, used 131494K [0x0000000740000000, 0x0000000800000000)
  region size 1024K, 2 young (2048K), 2 survivors (2048K)
 Metaspace       used 104737K, capacity 106701K, committed 109312K, reserved 1142784K
  class space    used 14084K, capacity 14895K, committed 15872K, reserved 1048576K
}
Event: 8736.629 GC heap before
{Heap before GC invocations=1962 (full 1220):
 garbage-first heap   total 307200K, used 190886K [0x0000000740000000, 0x0000000800000000)
  region size 1024K, 60 young (61440K), 2 survivors (2048K)
 Metaspace       used 104745K, capacity 106713K, committed 109312K, reserved 1142784K
  class space    used 14084K, capacity 14895K, committed 15872K, reserved 1048576K
}
Event: 8736.632 GC heap after
{Heap after GC invocations=1963 (full 1220):
 garbage-first heap   total 307200K, used 131729K [0x0000000740000000, 0x0000000800000000)
  region size 1024K, 2 young (2048K), 2 survivors (2048K)
 Metaspace       used 104745K, capacity 106713K, committed 109312K, reserved 1142784K
  class space    used 14084K, capacity 14895K, committed 15872K, reserved 1048576K
}
Event: 8737.908 GC heap before
{Heap before GC invocations=1963 (full 1220):
 garbage-first heap   total 307200K, used 191121K [0x0000000740000000, 0x0000000800000000)
  region size 1024K, 60 young (61440K), 2 survivors (2048K)
 Metaspace       used 104753K, capacity 106713K, committed 109312K, reserved 1142784K
  class space    used 14084K, capacity 14895K, committed 15872K, reserved 1048576K
}
Event: 8737.911 GC heap after
{Heap after GC invocations=1964 (full 1220):
 garbage-first heap   total 307200K, used 132270K [0x0000000740000000, 0x0000000800000000)
  region size 1024K, 2 young (2048K), 2 survivors (2048K)
 Metaspace       used 104753K, capacity 106713K, committed 109312K, reserved 1142784K
  class space    used 14084K, capacity 14895K, committed 15872K, reserved 1048576K
}

